----------------------------------------------------------------------------------------------------------------------
      name:  <unnamed>
       log:  C:\Users\B03531855158\Documents\Replication\Introducao a Econometria 2022/logs/stata_lista01.log
  log type:  text
 opened on:   5 Jun 2026, 01:21:42

. 
. * Q1
. clear

. input familia despesas_habitacao

       familia  despesa~o
  1. 1 300
  2. 2 440
  3. 3 350
  4. 4 1100
  5. 5 640
  6. 6 480
  7. 7 450
  8. 8 700
  9. 9 670
 10. 10 530
 11. end

. summ despesas_habitacao, detail

                     despesas_habitacao
-------------------------------------------------------------
      Percentiles      Smallest
 1%          300            300
 5%          300            350
10%          325            440       Obs                  10
25%          440            450       Sum of wgt.          10

50%          505                      Mean                566
                        Largest       Std. dev.      229.6955
75%          670            640
90%          900            670       Variance          52760
95%         1100            700       Skewness       1.189377
99%         1100           1100       Kurtosis       3.967482

. graph bar despesas_habitacao, over(familia) ytitle("Despesas mensais com habitação, em US$") title("Lista 1 - Questã
> o 1") name(g_l1q1, replace)

. graph export "$FIGS_STATA/lista01_q01_despesas_habitacao.png", replace width(1800)
file C:\Users\B03531855158\Documents\Replication\Introducao a Econometria
    2022/outputs/figures/stata/lista01_q01_despesas_habitacao.png saved as PNG format

. graph export "$FIGS_STATA/lista01_q01_despesas_habitacao.pdf", replace
file C:\Users\B03531855158\Documents\Replication\Introducao a Econometria
    2022/outputs/figures/stata/lista01_q01_despesas_habitacao.pdf saved as PDF format

. 
. gen despesas_centenas = despesas_habitacao/100

. summ despesas_centenas, detail

                      despesas_centenas
-------------------------------------------------------------
      Percentiles      Smallest
 1%            3              3
 5%            3            3.5
10%         3.25            4.4       Obs                  10
25%          4.4            4.5       Sum of wgt.          10

50%         5.05                      Mean               5.66
                        Largest       Std. dev.      2.296954
75%          6.7            6.4
90%            9            6.7       Variance          5.276
95%           11              7       Skewness       1.189377
99%           11             11       Kurtosis       3.967482

. replace despesas_habitacao = 900 if familia == 8
(1 real change made)

. summ despesas_habitacao, detail

                     despesas_habitacao
-------------------------------------------------------------
      Percentiles      Smallest
 1%          300            300
 5%          300            350
10%          325            440       Obs                  10
25%          440            450       Sum of wgt.          10

50%          505                      Mean                586
                        Largest       Std. dev.      250.4307
75%          670            640
90%         1000            670       Variance       62715.56
95%         1100            900       Skewness       .9244931
99%         1100           1100       Kurtosis       2.834473

. 
. * Q3
. clear

. set obs 200
Number of observations (_N) was 0, now 200.

. gen SAT = 400 + (_n-1)*(1200/199)

. gen E_IRA = 0.70 + 0.002*SAT

. twoway line E_IRA SAT, xtitle("SAT") ytitle("E(IRA | SAT)") title("Lista 1 - Questão 3") name(g_l1q3, replace)

. graph export "$FIGS_STATA/lista01_q03_esperanca_condicional_ira_sat.png", replace width(1800)
file C:\Users\B03531855158\Documents\Replication\Introducao a Econometria
    2022/outputs/figures/stata/lista01_q03_esperanca_condicional_ira_sat.png saved as PNG format

. graph export "$FIGS_STATA/lista01_q03_esperanca_condicional_ira_sat.pdf", replace
file C:\Users\B03531855158\Documents\Replication\Introducao a Econometria
    2022/outputs/figures/stata/lista01_q03_esperanca_condicional_ira_sat.pdf saved as PDF format

. 
. * Q7
. clear

. input estudante GPA ACT

     estudante        GPA        ACT
  1. 1 2.8 21
  2. 2 3.4 24
  3. 3 3.0 26
  4. 4 3.5 27
  5. 5 3.6 29
  6. 6 3.0 25
  7. 7 2.7 25
  8. 8 3.7 30
  9. end

. reg GPA ACT

      Source |       SS           df       MS      Number of obs   =         8
-------------+----------------------------------   F(1, 6)         =      8.20
       Model |  .594024707         1  .594024707   Prob > F        =    0.0287
    Residual |  .434725292         6  .072454215   R-squared       =    0.5774
-------------+----------------------------------   Adj R-squared   =    0.5070
       Total |     1.02875         7  .146964286   Root MSE        =    .26917

------------------------------------------------------------------------------
         GPA | Coefficient  Std. err.      t    P>|t|     [95% conf. interval]
-------------+----------------------------------------------------------------
         ACT |   .1021978    .035692     2.86   0.029     .0148626     .189533
       _cons |   .5681319   .9284214     0.61   0.563    -1.703633    2.839897
------------------------------------------------------------------------------

. predict resid_gpa, resid

. predict gpa_hat, xb

. summ resid_gpa

    Variable |        Obs        Mean    Std. dev.       Min        Max
-------------+---------------------------------------------------------
   resid_gpa |          8    2.79e-09     .249206  -.4230769    .379121

. display "Previsao ACT=20 = " _b[_cons] + 20*_b[ACT]
Previsao ACT=20 = 2.6120879

. twoway (scatter GPA ACT) (lfit GPA ACT), xtitle("ACT") ytitle("GPA") title("Lista 1 - Questão 7") name(g_l1q7, repla
> ce)

. graph export "$FIGS_STATA/lista01_q07_gpa_act_mqo.png", replace width(1800)
file C:\Users\B03531855158\Documents\Replication\Introducao a Econometria
    2022/outputs/figures/stata/lista01_q07_gpa_act_mqo.png saved as PNG format

. graph export "$FIGS_STATA/lista01_q07_gpa_act_mqo.pdf", replace
file C:\Users\B03531855158\Documents\Replication\Introducao a Econometria
    2022/outputs/figures/stata/lista01_q07_gpa_act_mqo.pdf saved as PDF format

. 
. * Q11
. clear

. set obs 100
Number of observations (_N) was 0, now 100.

. gen cigs = (_n-1)*(30/99)

. gen peso = 119.77 - 0.514*cigs

. twoway line peso cigs, xtitle("Cigarros por dia") ytitle("Peso previsto, em onças") title("Lista 1 - Questão 11") na
> me(g_l1q11, replace)

. graph export "$FIGS_STATA/lista01_q11_peso_cigarros.png", replace width(1800)
file C:\Users\B03531855158\Documents\Replication\Introducao a Econometria
    2022/outputs/figures/stata/lista01_q11_peso_cigarros.png saved as PNG format

. graph export "$FIGS_STATA/lista01_q11_peso_cigarros.pdf", replace
file C:\Users\B03531855158\Documents\Replication\Introducao a Econometria
    2022/outputs/figures/stata/lista01_q11_peso_cigarros.pdf saved as PDF format

. 
. * Q15
. clear

. input obs x y

           obs          x          y
  1. 1 1 3
  2. 2 2 5
  3. 3 3 6
  4. end

. reg y x

      Source |       SS           df       MS      Number of obs   =         3
-------------+----------------------------------   F(1, 1)         =     27.00
       Model |         4.5         1         4.5   Prob > F        =    0.1210
    Residual |  .166666667         1  .166666667   R-squared       =    0.9643
-------------+----------------------------------   Adj R-squared   =    0.9286
       Total |  4.66666667         2  2.33333333   Root MSE        =    .40825

------------------------------------------------------------------------------
           y | Coefficient  Std. err.      t    P>|t|     [95% conf. interval]
-------------+----------------------------------------------------------------
           x |        1.5   .2886751     5.20   0.121    -2.167965    5.167965
       _cons |   1.666667   .6236096     2.67   0.228    -6.257044    9.590377
------------------------------------------------------------------------------

. predict yhat, xb

. corr y yhat
(obs=3)

             |        y     yhat
-------------+------------------
           y |   1.0000
        yhat |   0.9820   1.0000


. display "R2 por correlacao^2 = " r(rho)^2
R2 por correlacao^2 = .9642857

. twoway (scatter y x) (line yhat x, sort), xtitle("x") ytitle("y") title("Lista 1 - Questão 15") name(g_l1q15, replac
> e)

. graph export "$FIGS_STATA/lista01_q15_observado_ajustado.png", replace width(1800)
file C:\Users\B03531855158\Documents\Replication\Introducao a Econometria
    2022/outputs/figures/stata/lista01_q15_observado_ajustado.png saved as PNG format

. graph export "$FIGS_STATA/lista01_q15_observado_ajustado.pdf", replace
file C:\Users\B03531855158\Documents\Replication\Introducao a Econometria
    2022/outputs/figures/stata/lista01_q15_observado_ajustado.pdf saved as PDF format

. 
. capture log close
